2018-11-11 14:02:49,768 [ain Thread]   INFO -        #com.intellij.idea.Main - ------------------------------------------------------ IDE STARTED ------------------------------------------------------ 
2018-11-11 14:02:49,887 [e-1136-b06]   INFO -        #com.intellij.idea.Main - IDE: Android Studio (build #AI-181.5540.7.32.5056338, 08 Oct 2018 21:49) 
2018-11-11 14:02:49,888 [e-1136-b06]   INFO -        #com.intellij.idea.Main - OS: Windows 10 (10.0, amd64) 
2018-11-11 14:02:49,888 [e-1136-b06]   INFO -        #com.intellij.idea.Main - JRE: 1.8.0_152-release-1136-b06 (JetBrains s.r.o) 
2018-11-11 14:02:49,888 [e-1136-b06]   INFO -        #com.intellij.idea.Main - JVM: 25.152-b06 (OpenJDK 64-Bit Server VM) 
2018-11-11 14:02:49,890 [e-1136-b06]   INFO -        #com.intellij.idea.Main - JVM Args: -Xms256m -Xmx1280m -XX:ReservedCodeCacheSize=240m -XX:+UseConcMarkSweepGC -XX:SoftRefLRUPolicyMSPerMB=50 -Dsun.io.useCanonCaches=false -Djava.net.preferIPv4Stack=true -Djna.nosys=true -Djna.boot.library.path= -da -Djb.vmOptionsFile=C:\Program Files\Android\Android Studio\bin\studio64.exe.vmoptions -Xbootclasspath/a:C:\Program Files\Android\Android Studio\lib\boot.jar -Didea.platform.prefix=AndroidStudio -Didea.jre.check=true -Dide.native.launcher=true -Didea.paths.selector=AndroidStudio3.2 -XX:ErrorFile=C:\Users\Administrator\java_error_in_studio_%p.log -XX:HeapDumpPath=C:\Users\Administrator\java_error_in_studio.hprof 
2018-11-11 14:02:49,892 [e-1136-b06]   INFO -        #com.intellij.idea.Main - ext: C:\Program Files\Android\Android Studio\jre\jre\lib\ext: [access-bridge-64.jar, cldrdata.jar, dnsns.jar, jaccess.jar, localedata.jar, meta-index, nashorn.jar, sunec.jar, sunjce_provider.jar, sunmscapi.jar, sunpkcs11.jar, zipfs.jar] 
2018-11-11 14:02:49,892 [e-1136-b06]   INFO -        #com.intellij.idea.Main - JNU charset: Cp1252 
2018-11-11 14:02:49,932 [e-1136-b06]   INFO -        #com.intellij.idea.Main - JNA library (64-bit) loaded in 39 ms 
2018-11-11 14:02:49,935 [e-1136-b06]   INFO - penapi.util.io.win32.IdeaWin32 - Native filesystem for Windows is operational 
2018-11-11 14:02:49,981 [e-1136-b06]   INFO -     #com.intellij.util.ui.JBUI - User scale factor: 1.0 
2018-11-11 14:02:49,981 [e-1136-b06]   INFO -     #com.intellij.util.ui.JBUI - System scale factor: 1.0 (JRE-managed HiDPI) 
2018-11-11 14:03:37,790 [entQueue-0]   INFO - .intellij.idea.IdeaApplication - CPU cores: 4; ForkJoinPool.commonPool: java.util.concurrent.ForkJoinPool@39efb37c[Running, parallelism = 3, size = 0, active = 0, running = 0, steals = 0, tasks = 0, submissions = 0]; factory: com.intellij.concurrency.IdeaForkJoinWorkerThreadFactory@7ef5de45 
2018-11-11 14:03:38,713 [entQueue-0]   INFO - llij.ide.plugins.PluginManager - Cannot find optional descriptor duplicates-groovy.xml 
2018-11-11 14:03:39,575 [entQueue-0]   INFO - llij.ide.plugins.PluginManager - 38 plugins initialized in 1537 ms 
2018-11-11 14:03:39,590 [entQueue-0]   INFO - llij.ide.plugins.PluginManager - Loaded bundled plugins: Android APK Support (1.0), Android Games (1.0), Android NDK Support (1.0), Android Support (10.3.2.1), App Links Assistant (0.1), CVS Integration (11), Copyright (8.1), Coverage (181.5540.7.32.5056338), EditorConfig (181.5540.7.32.5056338), Firebase App Indexing (0.1), Firebase Services (0.1), Firebase Testing (1.0), Git Integration (8.1), GitHub (181.5540.7.32.5056338), Google Cloud Tools Core (0.2.8), Google Cloud Tools For Android Studio (0.2.8), Google Developers Samples (0.3.1), Google Login (1.0), Google Services (0.1), Gradle (181.5540.7.32.5056338), Groovy (9.0), I18n for Java (181.5540.7.32.5056338), IDEA CORE (181.5540.7.32.5056338), IntelliLang (8.0), JUnit (1.0), Java Bytecode Decompiler (181.5540.7.32.5056338), Java Stream Debugger (181.5540.7.32.5056338), Kotlin (1.2.71-release-Studio3.2-1), Mercurial Integration (10.0), Properties Support (181.5540.7.32.5056338), Settings Repository (181.5540.7.32.5056338), Smali Support (1.0), Subversion Integration (1.1), Task Management (1.0), Terminal (0.1), Test Recorder (1.0), TestNG-J (8.0), YAML (181.5540.7.32.5056338) 
2018-11-11 14:03:41,321 [entQueue-0]   INFO - ellij.vfs.persistent.FSRecords - Marking VFS as corrupted: 'C:\Users\Administrator\.AndroidStudio3.2\system\caches\names.dat' does not exist 
2018-11-11 14:03:41,325 [entQueue-0]   INFO - ellij.util.io.PagedFileStorage - lower=100; upper=500; buffer=10; max=1226 
2018-11-11 14:03:41,380 [entQueue-0]   INFO - pl.local.NativeFileWatcherImpl - Starting file watcher: C:\Program Files\Android\Android Studio\bin\fsnotifier64.exe 
2018-11-11 14:03:41,434 [entQueue-0]   INFO - pl.local.NativeFileWatcherImpl - Native file watcher is operational. 
2018-11-11 14:03:42,242 [e-1136-b06]   WARN - nSystem.impl.ActionManagerImpl - keymap "Xcode" not found [Plugin: Git4Idea] 
2018-11-11 14:03:42,275 [e-1136-b06]   WARN - nSystem.impl.ActionManagerImpl - keymap "Xcode" not found [Plugin: hg4idea] 
2018-11-11 14:03:42,324 [e-1136-b06]   WARN - nSystem.impl.ActionManagerImpl - keymap "Xcode" not found [Plugin: com.android.tools.ndk] 
2018-11-11 14:03:42,328 [e-1136-b06]   WARN - nSystem.impl.ActionManagerImpl - keymap "Xcode" not found [Plugin: com.android.tools.ndk] 
2018-11-11 14:03:42,328 [e-1136-b06]   WARN - nSystem.impl.ActionManagerImpl - keymap "Xcode" not found [Plugin: com.android.tools.ndk] 
2018-11-11 14:03:42,369 [e-1136-b06]   INFO - .history.utils.LocalHistoryLog - local history version mismatch (was: 0, expected: 6), rebuilding... 
2018-11-11 14:03:42,369 [e-1136-b06]   INFO - .history.utils.LocalHistoryLog - FS has been rebuild, rebuilding local history... 
2018-11-11 14:03:42,544 [d thread 1]   INFO - .openapi.application.Preloader - Finished preloading com.intellij.ide.ui.OptionsTopHitProvider$Activity@63bb4d02 
2018-11-11 14:03:42,693 [e-1136-b06]   INFO - til.net.ssl.CertificateManager - Default SSL context initialized 
2018-11-11 14:03:42,759 [d thread 3]   INFO - rains.ide.BuiltInServerManager - built-in server started, port 63342 
2018-11-11 14:03:42,783 [e-1136-b06]   INFO - gs.impl.UpdateCheckerComponent - channel: release 
2018-11-11 14:03:43,165 [e-1136-b06]   INFO - il.indexing.FileBasedIndexImpl - Index exts enumerated:329, number of extensions:35 
2018-11-11 14:03:43,174 [e-1136-b06]   INFO - il.indexing.FileBasedIndexImpl - Index scheduled:8 
2018-11-11 14:03:43,268 [e-1136-b06]   INFO - tellij.psi.stubs.StubIndexImpl - All stub exts enumerated:92, number of extensions:50 
2018-11-11 14:03:43,269 [e-1136-b06]   INFO - tellij.psi.stubs.StubIndexImpl - stub exts update scheduled:0 
2018-11-11 14:03:43,830 [e-1136-b06]   INFO - ellij.project.impl.ProjectImpl - 21 project components initialized in 372 ms 
2018-11-11 14:03:44,524 [e-1136-b06]   INFO - com.intellij.ide.ui.UISettings - Loaded: fontSize=12, fontScale=1.0; restored: fontSize=12, fontScale=1.0 
2018-11-11 14:03:45,155 [d thread 3]   INFO - ij.psi.stubs.StubUpdatingIndex - Following new file types will be indexed:LLDBCommands,XML,kotlin_builtins,JAVA,GDBCommands,Kotlin,KJSM,Properties,Groovy,CLASS,HTML 
2018-11-11 14:03:46,024 [e-1136-b06]   INFO - plication.impl.ApplicationImpl - 88 application components initialized in 7992ms 
2018-11-11 14:03:46,041 [e-1136-b06]   INFO - .intellij.idea.IdeaApplication - App initialization took 57022 ms 
2018-11-11 14:03:46,985 [d thread 2]   INFO - dea.updater.SdkComponentSource - File C:\Users\Administrator\.android\repositories.cfg could not be loaded. 
2018-11-11 14:03:46,994 [d thread 2]   INFO - dea.updater.SdkComponentSource - Downloading https://dl.google.com/android/repository/addons_list-3.xml 
2018-11-11 14:03:47,008 [d thread 4]   WARN - ess.util.ProgressIndicatorBase - This progress indicator is indeterminate, this may lead to visual inconsistency. Please call setIndeterminate(false) before you start progress. 
2018-11-11 14:03:47,008 [d thread 4]   INFO - s.RepoProgressIndicatorAdapter - File C:\Users\Administrator\.android\repositories.cfg could not be loaded. 
2018-11-11 14:03:47,014 [d thread 4]   INFO - s.RepoProgressIndicatorAdapter - Downloading https://dl.google.com/android/repository/addons_list-3.xml 
2018-11-11 14:03:47,124 [d thread 3]   INFO - pl$FileIndexDataInitialization - Initialization done:3950 
2018-11-11 14:03:47,756 [d thread 4]   INFO - s.RepoProgressIndicatorAdapter - Downloading https://dl.google.com/android/repository/sys-img/android/sys-img2-1.xml 
2018-11-11 14:03:47,763 [d thread 2]   INFO - dea.updater.SdkComponentSource - Downloading https://dl.google.com/android/repository/sys-img/android/sys-img2-1.xml 
2018-11-11 14:03:47,824 [d thread 3]   INFO - exImpl$StubIndexInitialization - Initialization done:699 
2018-11-11 14:03:48,022 [d thread 1]   INFO - .openapi.application.Preloader - Finished preloading com.intellij.openapi.actionSystem.impl.ActionPreloader@2a13c8cb 
2018-11-11 14:03:48,503 [d thread 2]   INFO - dea.updater.SdkComponentSource - Downloading https://dl.google.com/android/repository/sys-img/android-wear/sys-img2-1.xml 
2018-11-11 14:03:48,509 [d thread 4]   INFO - s.RepoProgressIndicatorAdapter - Downloading https://dl.google.com/android/repository/sys-img/android-wear/sys-img2-1.xml 
2018-11-11 14:03:48,891 [d thread 4]   INFO - s.RepoProgressIndicatorAdapter - Downloading https://dl.google.com/android/repository/sys-img/android-wear-cn/sys-img2-1.xml 
2018-11-11 14:03:48,910 [d thread 2]   INFO - dea.updater.SdkComponentSource - Downloading https://dl.google.com/android/repository/sys-img/android-wear-cn/sys-img2-1.xml 
2018-11-11 14:03:49,207 [d thread 4]   INFO - s.RepoProgressIndicatorAdapter - Downloading https://dl.google.com/android/repository/sys-img/android-tv/sys-img2-1.xml 
2018-11-11 14:03:49,208 [d thread 2]   INFO - dea.updater.SdkComponentSource - Downloading https://dl.google.com/android/repository/sys-img/android-tv/sys-img2-1.xml 
2018-11-11 14:03:49,501 [d thread 4]   INFO - s.RepoProgressIndicatorAdapter - Downloading https://dl.google.com/android/repository/sys-img/google_apis/sys-img2-1.xml 
2018-11-11 14:03:49,534 [d thread 2]   INFO - dea.updater.SdkComponentSource - Downloading https://dl.google.com/android/repository/sys-img/google_apis/sys-img2-1.xml 
2018-11-11 14:03:49,873 [d thread 4]   INFO - s.RepoProgressIndicatorAdapter - Downloading https://dl.google.com/android/repository/sys-img/google_apis_playstore/sys-img2-1.xml 
2018-11-11 14:03:49,889 [d thread 2]   INFO - dea.updater.SdkComponentSource - Downloading https://dl.google.com/android/repository/sys-img/google_apis_playstore/sys-img2-1.xml 
2018-11-11 14:03:50,210 [d thread 4]   INFO - s.RepoProgressIndicatorAdapter - Downloading https://dl.google.com/android/repository/addon2-1.xml 
2018-11-11 14:03:50,218 [d thread 2]   INFO - dea.updater.SdkComponentSource - Downloading https://dl.google.com/android/repository/addon2-1.xml 
2018-11-11 14:03:50,913 [d thread 4]   INFO - s.RepoProgressIndicatorAdapter - Downloading https://dl.google.com/android/repository/glass/addon2-1.xml 
2018-11-11 14:03:50,940 [d thread 2]   INFO - dea.updater.SdkComponentSource - Downloading https://dl.google.com/android/repository/glass/addon2-1.xml 
2018-11-11 14:03:51,213 [d thread 4]   INFO - s.RepoProgressIndicatorAdapter - Downloading https://dl.google.com/android/repository/extras/intel/addon2-1.xml 
2018-11-11 14:03:51,300 [d thread 2]   INFO - dea.updater.SdkComponentSource - Downloading https://dl.google.com/android/repository/extras/intel/addon2-1.xml 
2018-11-11 14:03:51,315 [d thread 1]   INFO - .openapi.application.Preloader - Finished preloading com.intellij.ide.ui.search.SearchableOptionPreloader@19142637 
2018-11-11 14:03:51,488 [d thread 4]   INFO - s.RepoProgressIndicatorAdapter - Downloading https://dl.google.com/android/repository/repository2-1.xml 
2018-11-11 14:03:51,593 [d thread 2]   INFO - dea.updater.SdkComponentSource - Downloading https://dl.google.com/android/repository/repository2-1.xml 
2018-11-11 14:03:51,838 [d thread 1]   INFO - .openapi.application.Preloader - Finished preloading com.intellij.codeInsight.completion.CompletionPreloader@1e50f99a 
2018-11-11 14:03:51,842 [d thread 1]   INFO - .openapi.application.Preloader - Finished preloading com.intellij.ide.actions.GotoClassPresentationUpdater@5ee6ed23 
2018-11-11 14:03:52,080 [d thread 4]   INFO - s.RepoProgressIndicatorAdapter - Downloading file:/C:/Program%20Files/Android/Android%20Studio/plugins/sdk-updates/offline-repo/offline-repo.xml 
2018-11-11 14:03:52,198 [d thread 2]   INFO - dea.updater.SdkComponentSource - Downloading file:/C:/Program%20Files/Android/Android%20Studio/plugins/sdk-updates/offline-repo/offline-repo.xml 
2018-11-11 14:03:52,323 [e-1136-b06]   WARN - vdmanager.AvdManagerConnection - No Android SDK Found 
2018-11-11 14:03:53,443 [e-1136-b06]   INFO - j.ide.ui.OptionsTopHitProvider - 420 ms spent to cache options in application 
2018-11-11 14:03:53,444 [e-1136-b06]   INFO - rtup.GradleSpecificInitializer - Found Studio home directory at: 'C:\Program Files\Android\Android Studio' 
2018-11-11 14:03:53,444 [e-1136-b06]   INFO - rtup.GradleSpecificInitializer - Looking for Android SDK at 'C:/Program Files/Android/Android Studio/sdk' 
2018-11-11 14:03:53,445 [e-1136-b06]   INFO - rtup.GradleSpecificInitializer - Looking for Android SDK at 'C:/Program Files/Android/sdk' 
2018-11-11 14:03:53,445 [e-1136-b06]   INFO - rtup.GradleSpecificInitializer - Unable to locate SDK within the Android studio installation. 
2018-11-11 14:03:53,446 [e-1136-b06]   INFO - rtup.GradleSpecificInitializer - Checking if ANDROID_HOME is set: 'ANDROID_HOME' is 'null' 
2018-11-11 14:03:53,446 [e-1136-b06]   INFO - rtup.GradleSpecificInitializer - Unable to locate last SDK used by Android tools 
2018-11-11 14:03:53,446 [e-1136-b06]   INFO - .startup.AndroidSdkInitializer - Found Studio home directory at: 'C:\Program Files\Android\Android Studio' 
2018-11-11 14:03:53,446 [e-1136-b06]   INFO - .startup.AndroidSdkInitializer - Looking for Android SDK at 'C:/Program Files/Android/Android Studio/sdk' 
2018-11-11 14:03:53,446 [e-1136-b06]   INFO - .startup.AndroidSdkInitializer - Looking for Android SDK at 'C:/Program Files/Android/sdk' 
2018-11-11 14:03:53,446 [e-1136-b06]   INFO - .startup.AndroidSdkInitializer - Unable to locate SDK within the Android studio installation. 
2018-11-11 14:03:53,446 [e-1136-b06]   INFO - .startup.AndroidSdkInitializer - Checking if ANDROID_HOME is set: 'ANDROID_HOME' is 'null' 
2018-11-11 14:03:53,446 [e-1136-b06]   INFO - .startup.AndroidSdkInitializer - Unable to locate last SDK used by Android tools 
2018-11-11 15:09:54,013 [e-1136-b06]   INFO - rd.FirstRunWizardFrameProvider - Overriding welcome frame to be resizable 
2018-11-11 15:12:25,900 [ thread 18]   INFO -  #git4idea.commands.GitHandler - [.] git version 
2018-11-11 15:12:26,119 [unnerw.exe]   INFO -  #git4idea.commands.GitHandler - git version 2.19.1.windows.1 
2018-11-11 15:12:26,150 [ thread 18]   INFO - ea.config.GitExecutableManager - Git version for C:\Program Files\Git\cmd\git.exe : 2.19.1 
2018-11-11 15:13:00,338 [e-1136-b06]   INFO - ellij.project.impl.ProjectImpl - 157 project components initialized in 1438 ms 
2018-11-11 15:13:00,338 [e-1136-b06]   INFO - le.impl.ModuleManagerComponent - 0 module(s) loaded in 0 ms 
2018-11-11 15:13:00,916 [ thread 14]   INFO - j.ide.script.IdeStartupScripts - 0 startup script(s) found 
2018-11-11 15:13:02,041 [e-1136-b06]   INFO - idea.project.IndexingSuspender - Subscribing project 'Project 'C:\Users\Administrator\StudioProjects\Find-my-Freaking-Prop' Find-my-Freaking-Prop' to indexing suspender events (com.android.tools.idea.project.IndexingSuspender@96bb830) 
2018-11-11 15:13:02,182 [ thread 19]   INFO - pl.projectlevelman.NewMappings - VCS Root: [Git] - [<Project>] 
2018-11-11 15:13:02,291 [ thread 14]   INFO - .diagnostic.PerformanceWatcher - Pushing properties took 15ms; general responsiveness: ok; EDT responsiveness: ok 
2018-11-11 15:13:02,385 [ thread 19]   INFO - ge.ExternalProjectsDataStorage - Loaded external projects data in 16 millis 
2018-11-11 15:13:02,385 [ thread 19]   INFO - tartup.impl.StartupManagerImpl - ExternalSystemStartupActivity run in 109ms under project opening modal progress 
2018-11-11 15:13:02,557 [ thread 19]   INFO - .diagnostic.PerformanceWatcher - Post-startup activities under progress took 360ms; general responsiveness: ok; EDT responsiveness: ok 
2018-11-11 15:13:03,291 [ thread 14]   INFO - .diagnostic.PerformanceWatcher - Indexable file iteration took 1000ms; general responsiveness: ok; EDT responsiveness: ok 
2018-11-11 15:13:03,291 [ thread 14]   INFO - indexing.UnindexedFilesUpdater - Unindexed files update started: 213 files to update 
2018-11-11 15:13:03,979 [e-1136-b06]   INFO - tartup.impl.StartupManagerImpl - C:/Users/Administrator/StudioProjects/Find-my-Freaking-Prop/.idea case-sensitivity: expected=false actual=false 
2018-11-11 15:13:04,010 [e-1136-b06]   INFO - tor.impl.FileEditorManagerImpl - Project opening took 5713 ms 
2018-11-11 15:13:04,182 [ thread 22]   INFO - pl.projectlevelman.NewMappings - VCS Root: [Git] - [<Project>] 
2018-11-11 15:13:05,916 [ thread 14]   INFO - .diagnostic.PerformanceWatcher - Unindexed files update took 2625ms; general responsiveness: ok; EDT responsiveness: 1/3 sluggish, 1/3 very slow 
2018-11-11 15:13:05,916 [ thread 14]   INFO -       #com.jetbrains.cidr.lang - Clearing symbols finished in 0.000 s. 
2018-11-11 15:13:05,932 [ thread 14]   INFO -       #com.jetbrains.cidr.lang - Building symbols in FAST mode, 0 source files from total 0 project files 
2018-11-11 15:13:05,932 [ thread 14]   INFO -       #com.jetbrains.cidr.lang - Loading symbols finished in 0.016 s. 
2018-11-11 15:13:05,947 [ thread 14]   INFO -       #com.jetbrains.cidr.lang - Loading Header Maps finished in 0.015 s. 
2018-11-11 15:13:05,963 [ thread 14]   INFO -       #com.jetbrains.cidr.lang - Loading Module Maps finished in 0.016 s. 
2018-11-11 15:13:05,979 [ thread 14]   INFO -       #com.jetbrains.cidr.lang - Saving Module Maps finished in 0.016 s. 
2018-11-11 15:13:05,979 [ thread 14]   INFO -       #com.jetbrains.cidr.lang - Loaded 0 tables for 0 files (0 project files) 
2018-11-11 15:13:05,979 [ thread 14]   INFO -       #com.jetbrains.cidr.lang - Building symbols for 0 source files 
2018-11-11 15:13:05,979 [ thread 14]   INFO -       #com.jetbrains.cidr.lang - Building symbols for 0 unused headers 
2018-11-11 15:13:05,979 [ thread 14]   INFO -       #com.jetbrains.cidr.lang - Building symbols finished in 0.000 s. 
2018-11-11 15:13:05,979 [ thread 14]   INFO -       #com.jetbrains.cidr.lang - Saving modified symbols for 0 files (0 tables of total 0) 
2018-11-11 15:13:06,026 [ thread 14]   INFO -       #com.jetbrains.cidr.lang - Saving symbols finished in 0.047 s. 
2018-11-11 15:13:06,151 [e-1136-b06]   INFO - tartup.impl.StartupManagerImpl - Some post-startup activities freeze UI for noticeable time. Please consider making them DumbAware to do them in background under modal progress, or just making them faster to speed up project opening. 
2018-11-11 15:13:06,151 [e-1136-b06]   INFO - tartup.impl.StartupManagerImpl - ProjectInspectionProfileStartUpActivity run in 125ms on UI thread 
2018-11-11 15:13:06,510 [e-1136-b06]   INFO - j.ide.ui.OptionsTopHitProvider - 249 ms spent to cache options in project 
2018-11-11 15:13:06,994 [ thread 24]   INFO - CompilerWorkspaceConfiguration - Available processors: 4 
2018-11-11 15:14:05,074 [e-1136-b06]   INFO - stubs.SerializationManagerImpl - START StubSerializationManager SHUTDOWN 
2018-11-11 15:14:05,074 [e-1136-b06]   INFO - stubs.SerializationManagerImpl - END StubSerializationManager SHUTDOWN 
2018-11-11 15:14:05,074 [e-1136-b06]   INFO - il.indexing.FileBasedIndexImpl - START INDEX SHUTDOWN 
2018-11-11 15:14:05,120 [e-1136-b06]   INFO - il.indexing.FileBasedIndexImpl - END INDEX SHUTDOWN 
2018-11-11 15:14:05,120 [e-1136-b06]   INFO - org.jetbrains.io.BuiltInServer - web server stopped 
2018-11-11 15:14:05,136 [e-1136-b06]   INFO - Types.impl.FileTypeManagerImpl - FileTypeManager: 32 auto-detected files
Elapsed time on auto-detect: 31 ms 
2018-11-11 15:14:05,183 [fier64.exe]   INFO - pl.local.NativeFileWatcherImpl - Watcher terminated with exit code 0 
2018-11-11 15:14:05,199 [e-1136-b06]   INFO - newvfs.persistent.PersistentFS - VFS dispose started 
2018-11-11 15:14:05,199 [e-1136-b06]   INFO - newvfs.persistent.PersistentFS - VFS dispose completed 
2018-11-11 15:14:05,214 [wn tracker]   INFO -        #com.intellij.idea.Main - ------------------------------------------------------ IDE SHUTDOWN ------------------------------------------------------ 
2018-11-11 15:14:05,214 [wn tracker]   INFO - org.jetbrains.io.BuiltInServer - web server stopped 
2018-11-11 15:16:58,989 [ain Thread]   INFO -        #com.intellij.idea.Main - ------------------------------------------------------ IDE STARTED ------------------------------------------------------ 
2018-11-11 15:16:59,352 [e-1136-b06]   INFO -        #com.intellij.idea.Main - IDE: Android Studio (build #AI-181.5540.7.32.5056338, 08 Oct 2018 21:59) 
2018-11-11 15:16:59,352 [e-1136-b06]   INFO -        #com.intellij.idea.Main - OS: Windows 10 (10.0, amd64) 
2018-11-11 15:16:59,352 [e-1136-b06]   INFO -        #com.intellij.idea.Main - JRE: 1.8.0_152-release-1136-b06 (JetBrains s.r.o) 
2018-11-11 15:16:59,352 [e-1136-b06]   INFO -        #com.intellij.idea.Main - JVM: 25.152-b06 (OpenJDK 64-Bit Server VM) 
2018-11-11 15:16:59,352 [e-1136-b06]   INFO -        #com.intellij.idea.Main - JVM Args: -Xms256m -Xmx1280m -XX:ReservedCodeCacheSize=240m -XX:+UseConcMarkSweepGC -XX:SoftRefLRUPolicyMSPerMB=50 -Dsun.io.useCanonCaches=false -Djava.net.preferIPv4Stack=true -Djna.nosys=true -Djna.boot.library.path= -da -Djb.vmOptionsFile=C:\Program Files\Android\Android Studio\bin\studio64.exe.vmoptions -Xbootclasspath/a:C:\Program Files\Android\Android Studio\lib\boot.jar -Didea.platform.prefix=AndroidStudio -Didea.jre.check=true -Dide.native.launcher=true -Didea.paths.selector=AndroidStudio3.2 -XX:ErrorFile=C:\Users\Administrator\java_error_in_studio_%p.log -XX:HeapDumpPath=C:\Users\Administrator\java_error_in_studio.hprof 
2018-11-11 15:16:59,352 [e-1136-b06]   INFO -        #com.intellij.idea.Main - ext: C:\Program Files\Android\Android Studio\jre\jre\lib\ext: [access-bridge-64.jar, cldrdata.jar, dnsns.jar, jaccess.jar, localedata.jar, meta-index, nashorn.jar, sunec.jar, sunjce_provider.jar, sunmscapi.jar, sunpkcs11.jar, zipfs.jar] 
2018-11-11 15:16:59,352 [e-1136-b06]   INFO -        #com.intellij.idea.Main - JNU charset: Cp1252 
2018-11-11 15:16:59,463 [e-1136-b06]   INFO -        #com.intellij.idea.Main - JNA library (64-bit) loaded in 111 ms 
2018-11-11 15:16:59,463 [e-1136-b06]   INFO - penapi.util.io.win32.IdeaWin32 - Native filesystem for Windows is operational 
2018-11-11 15:16:59,573 [e-1136-b06]   INFO -     #com.intellij.util.ui.JBUI - User scale factor: 1.0 
2018-11-11 15:16:59,573 [e-1136-b06]   INFO -     #com.intellij.util.ui.JBUI - System scale factor: 1.0 (JRE-managed HiDPI) 
2018-11-11 15:16:59,873 [entQueue-0]   INFO - .intellij.idea.IdeaApplication - CPU cores: 4; ForkJoinPool.commonPool: java.util.concurrent.ForkJoinPool@16f4f767[Running, parallelism = 3, size = 0, active = 0, running = 0, steals = 0, tasks = 0, submissions = 0]; factory: com.intellij.concurrency.IdeaForkJoinWorkerThreadFactory@7a8621b6 
2018-11-11 15:17:00,773 [entQueue-0]   INFO - llij.ide.plugins.PluginManager - Cannot find optional descriptor duplicates-groovy.xml 
2018-11-11 15:17:01,484 [entQueue-0]   INFO - llij.ide.plugins.PluginManager - 38 plugins initialized in 1295 ms 
2018-11-11 15:17:01,484 [entQueue-0]   INFO - llij.ide.plugins.PluginManager - Loaded bundled plugins: Android APK Support (1.0), Android Games (1.0), Android NDK Support (1.0), Android Support (10.3.2.1), App Links Assistant (0.1), CVS Integration (11), Copyright (8.1), Coverage (181.5540.7.32.5056338), EditorConfig (181.5540.7.32.5056338), Firebase App Indexing (0.1), Firebase Services (0.1), Firebase Testing (1.0), Git Integration (8.1), GitHub (181.5540.7.32.5056338), Google Cloud Tools Core (0.2.8), Google Cloud Tools For Android Studio (0.2.8), Google Developers Samples (0.3.1), Google Login (1.0), Google Services (0.1), Gradle (181.5540.7.32.5056338), Groovy (9.0), I18n for Java (181.5540.7.32.5056338), IDEA CORE (181.5540.7.32.5056338), IntelliLang (8.0), JUnit (1.0), Java Bytecode Decompiler (181.5540.7.32.5056338), Java Stream Debugger (181.5540.7.32.5056338), Kotlin (1.2.71-release-Studio3.2-1), Mercurial Integration (10.0), Properties Support (181.5540.7.32.5056338), Settings Repository (181.5540.7.32.5056338), Smali Support (1.0), Subversion Integration (1.1), Task Management (1.0), Terminal (0.1), Test Recorder (1.0), TestNG-J (8.0), YAML (181.5540.7.32.5056338) 
2018-11-11 15:17:03,490 [entQueue-0]   INFO - ellij.util.io.PagedFileStorage - lower=100; upper=500; buffer=10; max=1226 
2018-11-11 15:17:03,553 [entQueue-0]   INFO - pl.local.NativeFileWatcherImpl - Starting file watcher: C:\Program Files\Android\Android Studio\bin\fsnotifier64.exe 
2018-11-11 15:17:03,584 [entQueue-0]   INFO - pl.local.NativeFileWatcherImpl - Native file watcher is operational. 
2018-11-11 15:17:04,263 [e-1136-b06]   INFO - com.intellij.ide.ui.UISettings - Loaded: fontSize=12, fontScale=0.0; restored: fontSize=12, fontScale=1.0 
2018-11-11 15:17:04,453 [e-1136-b06]   WARN - nSystem.impl.ActionManagerImpl - keymap "Xcode" not found [Plugin: Git4Idea] 
2018-11-11 15:17:04,485 [e-1136-b06]   WARN - nSystem.impl.ActionManagerImpl - keymap "Xcode" not found [Plugin: hg4idea] 
2018-11-11 15:17:04,532 [e-1136-b06]   WARN - nSystem.impl.ActionManagerImpl - keymap "Xcode" not found [Plugin: com.android.tools.ndk] 
2018-11-11 15:17:04,532 [e-1136-b06]   WARN - nSystem.impl.ActionManagerImpl - keymap "Xcode" not found [Plugin: com.android.tools.ndk] 
2018-11-11 15:17:04,532 [e-1136-b06]   WARN - nSystem.impl.ActionManagerImpl - keymap "Xcode" not found [Plugin: com.android.tools.ndk] 
2018-11-11 15:17:04,810 [d thread 1]   INFO - .openapi.application.Preloader - Finished preloading com.intellij.ide.ui.OptionsTopHitProvider$Activity@56c7ce2e 
2018-11-11 15:17:04,960 [e-1136-b06]   INFO - til.net.ssl.CertificateManager - Default SSL context initialized 
2018-11-11 15:17:05,021 [d thread 3]   INFO - rains.ide.BuiltInServerManager - built-in server started, port 63342 
2018-11-11 15:17:05,056 [e-1136-b06]   INFO - gs.impl.UpdateCheckerComponent - channel: release 
2018-11-11 15:17:05,411 [e-1136-b06]   INFO - il.indexing.FileBasedIndexImpl - Index exts enumerated:264, number of extensions:35 
2018-11-11 15:17:05,412 [e-1136-b06]   INFO - il.indexing.FileBasedIndexImpl - Index scheduled:6 
2018-11-11 15:17:05,458 [e-1136-b06]   INFO - tellij.psi.stubs.StubIndexImpl - All stub exts enumerated:33, number of extensions:50 
2018-11-11 15:17:05,458 [e-1136-b06]   INFO - tellij.psi.stubs.StubIndexImpl - stub exts update scheduled:0 
2018-11-11 15:17:06,046 [e-1136-b06]   INFO - ellij.project.impl.ProjectImpl - 21 project components initialized in 390 ms 
2018-11-11 15:17:06,614 [e-1136-b06]   INFO - com.intellij.ide.ui.UISettings - Loaded: fontSize=12, fontScale=1.0; restored: fontSize=12, fontScale=1.0 
2018-11-11 15:17:07,872 [d thread 3]   INFO - pl$FileIndexDataInitialization - Initialization done:2429 
2018-11-11 15:17:08,133 [d thread 3]   INFO - exImpl$StubIndexInitialization - Initialization done:257 
2018-11-11 15:17:08,551 [e-1136-b06]   INFO - plication.impl.ApplicationImpl - 88 application components initialized in 8378ms 
2018-11-11 15:17:08,569 [e-1136-b06]   INFO - .intellij.idea.IdeaApplication - App initialization took 10689 ms 
2018-11-11 15:17:09,593 [d thread 3]   INFO - dea.updater.SdkComponentSource - Downloading file:/C:/Program%20Files/Android/Android%20Studio/plugins/sdk-updates/offline-repo/offline-repo.xml 
2018-11-11 15:17:09,884 [d thread 3]   INFO - dea.updater.SdkComponentSource - File C:\Users\Administrator\.android\repositories.cfg could not be loaded. 
2018-11-11 15:17:09,884 [d thread 3]   INFO - dea.updater.SdkComponentSource - Downloading https://dl.google.com/android/repository/repository2-1.xml 
2018-11-11 15:17:10,341 [d thread 1]   INFO - .openapi.application.Preloader - Finished preloading com.intellij.openapi.actionSystem.impl.ActionPreloader@3382164d 
2018-11-11 15:17:10,404 [d thread 2]   INFO - pl.projectlevelman.NewMappings - VCS Root: [] - [<Project>] 
2018-11-11 15:17:10,404 [d thread 2]   INFO - pl.projectlevelman.NewMappings - VCS Root: [Git] - [<Project>] 
2018-11-11 15:17:10,735 [d thread 3]   INFO - dea.updater.SdkComponentSource - Downloading https://dl.google.com/android/repository/addons_list-3.xml 
2018-11-11 15:17:10,941 [d thread 3]   INFO - dea.updater.SdkComponentSource - Downloading https://dl.google.com/android/repository/sys-img/android/sys-img2-1.xml 
2018-11-11 15:17:11,383 [d thread 3]   INFO - dea.updater.SdkComponentSource - Downloading https://dl.google.com/android/repository/sys-img/android-wear/sys-img2-1.xml 
2018-11-11 15:17:11,636 [d thread 3]   INFO - dea.updater.SdkComponentSource - Downloading https://dl.google.com/android/repository/sys-img/android-wear-cn/sys-img2-1.xml 
2018-11-11 15:17:11,715 [d thread 2]   INFO - ellij.project.impl.ProjectImpl - 157 project components initialized in 2507 ms 
2018-11-11 15:17:11,873 [d thread 3]   INFO - dea.updater.SdkComponentSource - Downloading https://dl.google.com/android/repository/sys-img/android-tv/sys-img2-1.xml 
2018-11-11 15:17:12,141 [d thread 2]   INFO - le.impl.ModuleManagerComponent - 1 module(s) loaded in 411 ms 
2018-11-11 15:17:12,204 [d thread 3]   INFO - dea.updater.SdkComponentSource - Downloading https://dl.google.com/android/repository/sys-img/google_apis/sys-img2-1.xml 
2018-11-11 15:17:12,315 [d thread 4]   INFO - j.ide.script.IdeStartupScripts - 0 startup script(s) found 
2018-11-11 15:17:12,504 [d thread 3]   INFO - dea.updater.SdkComponentSource - Downloading https://dl.google.com/android/repository/sys-img/google_apis_playstore/sys-img2-1.xml 
2018-11-11 15:17:12,788 [d thread 3]   INFO - dea.updater.SdkComponentSource - Downloading https://dl.google.com/android/repository/addon2-1.xml 
2018-11-11 15:17:13,373 [d thread 3]   INFO - dea.updater.SdkComponentSource - Downloading https://dl.google.com/android/repository/glass/addon2-1.xml 
2018-11-11 15:17:13,641 [d thread 3]   INFO - dea.updater.SdkComponentSource - Downloading https://dl.google.com/android/repository/extras/intel/addon2-1.xml 
2018-11-11 15:17:13,831 [e-1136-b06]   INFO - idea.project.IndexingSuspender - Subscribing project 'Project 'C:\Users\Administrator\StudioProjects\Find-my-Freaking-Prop' Find-my-Freaking-Prop' to indexing suspender events (com.android.tools.idea.project.IndexingSuspender@4b12582d) 
2018-11-11 15:17:14,068 [d thread 1]   INFO - .openapi.application.Preloader - Finished preloading com.intellij.ide.ui.search.SearchableOptionPreloader@1892e036 
2018-11-11 15:17:14,260 [d thread 2]   INFO - ge.ExternalProjectsDataStorage - Loaded external projects data in 79 millis 
2018-11-11 15:17:14,449 [d thread 6]   INFO - .diagnostic.PerformanceWatcher - Pushing properties took 79ms; general responsiveness: ok; EDT responsiveness: ok 
2018-11-11 15:17:14,481 [d thread 2]   INFO - tartup.impl.StartupManagerImpl - WhatsNewStartupActivity run in 111ms under project opening modal progress 
2018-11-11 15:17:14,544 [d thread 1]   INFO - .openapi.application.Preloader - Finished preloading com.intellij.codeInsight.completion.CompletionPreloader@ee55453 
2018-11-11 15:17:14,549 [d thread 2]   INFO - .diagnostic.PerformanceWatcher - Post-startup activities under progress took 431ms; general responsiveness: ok; EDT responsiveness: ok 
2018-11-11 15:17:14,568 [d thread 1]   INFO - .openapi.application.Preloader - Finished preloading com.intellij.ide.actions.GotoClassPresentationUpdater@2611ea67 
2018-11-11 15:17:15,341 [d thread 6]   INFO - .diagnostic.PerformanceWatcher - Indexable file iteration took 876ms; general responsiveness: ok; EDT responsiveness: 1/1 sluggish 
2018-11-11 15:17:15,547 [e-1136-b06]   INFO - j.ide.ui.OptionsTopHitProvider - 459 ms spent to cache options in application 
2018-11-11 15:17:15,562 [e-1136-b06]   INFO - tartup.impl.StartupManagerImpl - C:/Users/Administrator/StudioProjects/Find-my-Freaking-Prop/.idea case-sensitivity: expected=false actual=false 
2018-11-11 15:17:15,610 [d thread 7]   INFO -  #git4idea.commands.GitHandler - [.] git version 
2018-11-11 15:17:15,878 [e-1136-b06]   INFO - tor.impl.FileEditorManagerImpl - Project opening took 6728 ms 
2018-11-11 15:17:15,910 [d thread 6]   INFO -       #com.jetbrains.cidr.lang - Clearing symbols finished in 0.332 s. 
2018-11-11 15:17:15,926 [d thread 6]   INFO -       #com.jetbrains.cidr.lang - Building symbols in FAST mode, 0 source files from total 0 project files 
2018-11-11 15:17:16,020 [d thread 6]   INFO -       #com.jetbrains.cidr.lang - Loading symbols finished in 0.110 s. 
2018-11-11 15:17:16,068 [d thread 6]   INFO -       #com.jetbrains.cidr.lang - Loading Header Maps finished in 0.000 s. 
2018-11-11 15:17:16,352 [d thread 6]   INFO -       #com.jetbrains.cidr.lang - Loading Module Maps finished in 0.284 s. 
2018-11-11 15:17:16,368 [d thread 6]   INFO -       #com.jetbrains.cidr.lang - Saving Module Maps finished in 0.016 s. 
2018-11-11 15:17:16,368 [d thread 6]   INFO -       #com.jetbrains.cidr.lang - Loaded 0 tables for 0 files (0 project files) 
2018-11-11 15:17:16,368 [d thread 6]   INFO -       #com.jetbrains.cidr.lang - Building symbols for 0 source files 
2018-11-11 15:17:16,494 [d thread 6]   INFO -       #com.jetbrains.cidr.lang - Building symbols for 0 unused headers 
2018-11-11 15:17:16,621 [d thread 6]   INFO -       #com.jetbrains.cidr.lang - Building symbols finished in 0.253 s. 
2018-11-11 15:17:16,636 [d thread 6]   INFO -       #com.jetbrains.cidr.lang - Saving modified symbols for 0 files (0 tables of total 0) 
2018-11-11 15:17:16,652 [d thread 6]   INFO -       #com.jetbrains.cidr.lang - Saving symbols finished in 0.016 s. 
2018-11-11 15:17:16,968 [unnerw.exe]   INFO -  #git4idea.commands.GitHandler - git version 2.19.1.windows.1 
2018-11-11 15:17:17,000 [d thread 7]   INFO - ea.config.GitExecutableManager - Git version for C:\Program Files\Git\cmd\git.exe : 2.19.1 
2018-11-11 15:17:17,300 [d thread 3]   INFO - j.ide.plugins.RepositoryHelper - using cached plugin list (updated at 11/11/2018 3:13 PM) 
2018-11-11 15:17:17,615 [d thread 7]   INFO - pl.projectlevelman.NewMappings - VCS Root: [Git] - [<Project>] 
2018-11-11 15:17:17,821 [e-1136-b06]   INFO - j.ide.ui.OptionsTopHitProvider - 394 ms spent to cache options in project 
2018-11-11 15:17:18,500 [d thread 1]   INFO - CompilerWorkspaceConfiguration - Available processors: 4 
2018-11-11 15:18:07,202 [e-1136-b06]   WARN - mponents.impl.stores.StoreUtil - Save settings failed 
java.lang.RuntimeException: java.io.FileNotFoundException: C:\Users\Administrator\StudioProjects\Find-my-Freaking-Prop\.idea\workspace.xml___jb_tmp___ (The system cannot find the path specified)
	at com.intellij.util.ExceptionUtil.rethrow(ExceptionUtil.java:174)
	at com.intellij.util.lang.CompoundRuntimeException.throwIfNotEmpty(CompoundRuntimeException.java:153)
	at com.intellij.configurationStore.ComponentStoreImpl.save(ComponentStoreImpl.kt:174)
	at com.intellij.openapi.components.impl.stores.StoreUtil.save(StoreUtil.java:40)
	at com.intellij.openapi.project.impl.ProjectImpl.save(ProjectImpl.java:333)
	at com.intellij.openapi.components.impl.stores.StoreUtil.saveProject(StoreUtil.java:125)
	at com.intellij.openapi.project.impl.ProjectManagerImpl.closeProject(ProjectManagerImpl.java:668)
	at com.intellij.openapi.project.impl.ProjectManagerImpl.closeAndDisposeAllProjects(ProjectManagerImpl.java:624)
	at com.intellij.openapi.application.impl.ApplicationImpl.lambda$disposeSelf$6(ApplicationImpl.java:232)
	at com.intellij.openapi.command.impl.CoreCommandProcessor.executeCommand(CoreCommandProcessor.java:137)
	at com.intellij.openapi.command.impl.CoreCommandProcessor.executeCommand(CoreCommandProcessor.java:95)
	at com.intellij.openapi.command.impl.CoreCommandProcessor.executeCommand(CoreCommandProcessor.java:85)
	at com.intellij.openapi.command.impl.CoreCommandProcessor.executeCommand(CoreCommandProcessor.java:71)
	at com.intellij.openapi.application.impl.ApplicationImpl.disposeSelf(ApplicationImpl.java:230)
	at com.intellij.openapi.application.impl.ApplicationImpl.doExit(ApplicationImpl.java:772)
	at com.intellij.openapi.application.impl.ApplicationImpl.exit(ApplicationImpl.java:748)
	at com.intellij.openapi.application.impl.ApplicationImpl.exit(ApplicationImpl.java:737)
	at com.intellij.openapi.application.impl.ApplicationImpl.exit(ApplicationImpl.java:714)
	at com.intellij.openapi.application.impl.ApplicationImpl.exit(ApplicationImpl.java:709)
	at com.intellij.openapi.wm.impl.IdeFrameImpl$3.windowClosing(IdeFrameImpl.java:273)
	at java.awt.AWTEventMulticaster.windowClosing(AWTEventMulticaster.java:349)
	at java.awt.Window.processWindowEvent(Window.java:2054)
	at javax.swing.JFrame.processWindowEvent(JFrame.java:305)
	at java.awt.Window.processEvent(Window.java:2013)
	at java.awt.Component.dispatchEventImpl(Component.java:4903)
	at java.awt.Container.dispatchEventImpl(Container.java:2295)
	at java.awt.Window.dispatchEventImpl(Window.java:2746)
	at java.awt.Component.dispatchEvent(Component.java:4725)
	at java.awt.EventQueue.dispatchEventImpl(EventQueue.java:764)
	at java.awt.EventQueue.access$500(EventQueue.java:98)
	at java.awt.EventQueue$3.run(EventQueue.java:715)
	at java.awt.EventQueue$3.run(EventQueue.java:709)
	at java.security.AccessController.doPrivileged(Native Method)
	at java.security.ProtectionDomain$JavaSecurityAccessImpl.doIntersectionPrivilege(ProtectionDomain.java:80)
	at java.security.ProtectionDomain$JavaSecurityAccessImpl.doIntersectionPrivilege(ProtectionDomain.java:90)
	at java.awt.EventQueue$4.run(EventQueue.java:737)
	at java.awt.EventQueue$4.run(EventQueue.java:735)
	at java.security.AccessController.doPrivileged(Native Method)
	at java.security.ProtectionDomain$JavaSecurityAccessImpl.doIntersectionPrivilege(ProtectionDomain.java:80)
	at java.awt.EventQueue.dispatchEvent(EventQueue.java:734)
	at com.intellij.ide.IdeEventQueue.defaultDispatchEvent(IdeEventQueue.java:822)
	at com.intellij.ide.IdeEventQueue._dispatchEvent(IdeEventQueue.java:763)
	at com.intellij.ide.IdeEventQueue.dispatchEvent(IdeEventQueue.java:423)
	at java.awt.EventDispatchThread.pumpOneEventForFilters(EventDispatchThread.java:201)
	at java.awt.EventDispatchThread.pumpEventsForFilter(EventDispatchThread.java:116)
	at java.awt.EventDispatchThread.pumpEventsForHierarchy(EventDispatchThread.java:105)
	at java.awt.EventDispatchThread.pumpEvents(EventDispatchThread.java:101)
	at java.awt.EventDispatchThread.pumpEvents(EventDispatchThread.java:93)
	at java.awt.EventDispatchThread.run(EventDispatchThread.java:82)
Caused by: java.io.FileNotFoundException: C:\Users\Administrator\StudioProjects\Find-my-Freaking-Prop\.idea\workspace.xml___jb_tmp___ (The system cannot find the path specified)
	at java.io.FileOutputStream.open0(Native Method)
	at java.io.FileOutputStream.open(FileOutputStream.java:270)
	at java.io.FileOutputStream.<init>(FileOutputStream.java:213)
	at java.io.FileOutputStream.<init>(FileOutputStream.java:162)
	at com.intellij.util.io.SafeFileOutputStream.<init>(SafeFileOutputStream.java:53)
	at com.intellij.openapi.vfs.impl.local.LocalFileSystemBase.getOutputStream(LocalFileSystemBase.java:464)
	at com.intellij.openapi.vfs.newvfs.persistent.PersistentFSImpl$2.close(PersistentFSImpl.java:640)
	at sun.nio.cs.StreamEncoder.implClose(StreamEncoder.java:320)
	at sun.nio.cs.StreamEncoder.close(StreamEncoder.java:149)
	at java.io.OutputStreamWriter.close(OutputStreamWriter.java:233)
	at com.intellij.openapi.util.JDOMUtil.write(JDOMUtil.java:371)
	at com.intellij.configurationStore.FileBasedStorageKt$doWrite$$inlined$runUndoTransparentWriteAction$1$1.compute(actions.kt:76)
	at com.intellij.openapi.application.impl.ApplicationImpl.runWriteAction(ApplicationImpl.java:1022)
	at com.intellij.configurationStore.FileBasedStorageKt$doWrite$$inlined$runUndoTransparentWriteAction$1.run(actions.kt:29)
	at com.intellij.openapi.command.impl.CoreCommandProcessor.runUndoTransparentAction(CoreCommandProcessor.java:315)
	at com.intellij.configurationStore.FileBasedStorageKt.doWrite(FileBasedStorage.kt:295)
	at com.intellij.configurationStore.FileBasedStorageKt.writeFile(FileBasedStorage.kt:202)
	at com.intellij.configurationStore.FileBasedStorage$FileSaveSession.saveLocally(FileBasedStorage.kt:100)
	at com.intellij.configurationStore.XmlElementStorage$XmlElementStorageSaveSession.save(XmlElementStorage.kt:137)
	at com.intellij.configurationStore.FileBasedStorage$FileSaveSession.save(FileBasedStorage.kt:85)
	at com.intellij.configurationStore.ComponentStoreImplKt.executeSave(ComponentStoreImpl.kt:542)
	at com.intellij.configurationStore.ComponentStoreImpl.doSave(ComponentStoreImpl.kt:282)
	at com.intellij.configurationStore.ProjectStoreImpl.doSave(ProjectStoreImpl.kt:316)
	at com.intellij.configurationStore.ComponentStoreImpl.save(ComponentStoreImpl.kt:172)
	... 46 more
	Suppressed: java.io.FileNotFoundException: C:\Users\Administrator\StudioProjects\Find-my-Freaking-Prop\.idea\workspace.xml___jb_tmp___ (The system cannot find the path specified)
		at java.io.FileOutputStream.open0(Native Method)
		at java.io.FileOutputStream.open(FileOutputStream.java:270)
		at java.io.FileOutputStream.<init>(FileOutputStream.java:213)
		at java.io.FileOutputStream.<init>(FileOutputStream.java:162)
		at com.intellij.util.io.SafeFileOutputStream.<init>(SafeFileOutputStream.java:53)
		at com.intellij.openapi.vfs.impl.local.LocalFileSystemBase.getOutputStream(LocalFileSystemBase.java:464)
		at com.intellij.openapi.vfs.newvfs.persistent.PersistentFSImpl$2.close(PersistentFSImpl.java:640)
		at kotlin.io.CloseableKt.closeFinally(Closeable.kt:68)
		at com.intellij.configurationStore.FileBasedStorageKt$doWrite$$inlined$runUndoTransparentWriteAction$1$1.compute(actions.kt:70)
		... 58 more
2018-11-11 15:18:07,565 [e-1136-b06]   INFO - ion.impl.ConversionContextImpl - C:\Users\Administrator\StudioProjects\Find-my-Freaking-Prop: C:\Users\Administrator\StudioProjects\Find-my-Freaking-Prop (The system cannot find the file specified) 
com.intellij.conversion.CannotConvertException: C:\Users\Administrator\StudioProjects\Find-my-Freaking-Prop: C:\Users\Administrator\StudioProjects\Find-my-Freaking-Prop (The system cannot find the file specified)
	at com.intellij.ide.impl.convert.JDomConvertingUtil.loadDocument(JDomConvertingUtil.java:50)
	at com.intellij.conversion.impl.SettingsXmlFile.<init>(SettingsXmlFile.java:42)
	at com.intellij.conversion.impl.ConversionContextImpl.getOrCreateFile(ConversionContextImpl.java:457)
	at com.intellij.conversion.impl.XmlBasedSettingsImpl.<init>(XmlBasedSettingsImpl.java:32)
	at com.intellij.conversion.impl.ComponentManagerSettingsImpl.<init>(ComponentManagerSettingsImpl.java:33)
	at com.intellij.conversion.impl.ConversionContextImpl.createProjectSettings(ConversionContextImpl.java:287)
	at com.intellij.conversion.impl.ConversionContextImpl.getProjectFileVersionSettings(ConversionContextImpl.java:268)
	at com.intellij.conversion.impl.ConversionContextImpl.loadPerformedConversionIds(ConversionContextImpl.java:443)
	at com.intellij.conversion.impl.ConversionContextImpl.<init>(ConversionContextImpl.java:101)
	at com.intellij.impl.ConversionServiceImpl.saveConversionResult(ConversionServiceImpl.java:240)
	at com.intellij.ide.impl.convert.ProjectFileVersionImpl.disposeComponent(ProjectFileVersionImpl.java:50)
	at com.intellij.openapi.components.impl.ComponentManagerImpl.disposeComponents(ComponentManagerImpl.java:135)
	at com.intellij.openapi.project.impl.ProjectImpl.dispose(ProjectImpl.java:353)
	at com.intellij.openapi.util.Disposer$1.execute(Disposer.java:48)
	at com.intellij.openapi.util.Disposer$1.execute(Disposer.java:44)
	at com.intellij.openapi.util.objectTree.ObjectNode$1.execute(ObjectNode.java:138)
	at com.intellij.openapi.util.objectTree.ObjectNode$1.execute(ObjectNode.java:107)
	at com.intellij.openapi.util.objectTree.ObjectTree.executeActionWithRecursiveGuard(ObjectTree.java:169)
	at com.intellij.openapi.util.objectTree.ObjectNode.execute(ObjectNode.java:107)
	at com.intellij.openapi.util.objectTree.ObjectTree.executeAll(ObjectTree.java:144)
	at com.intellij.openapi.util.Disposer.dispose(Disposer.java:129)
	at com.intellij.openapi.util.Disposer.dispose(Disposer.java:125)
	at com.intellij.openapi.project.impl.ProjectManagerImpl.lambda$closeProject$15(ProjectManagerImpl.java:686)
	at com.intellij.openapi.application.impl.ApplicationImpl.runWriteAction(ApplicationImpl.java:1010)
	at com.intellij.openapi.project.impl.ProjectManagerImpl.closeProject(ProjectManagerImpl.java:680)
	at com.intellij.openapi.project.impl.ProjectManagerImpl.closeAndDisposeAllProjects(ProjectManagerImpl.java:624)
	at com.intellij.openapi.application.impl.ApplicationImpl.lambda$disposeSelf$6(ApplicationImpl.java:232)
	at com.intellij.openapi.command.impl.CoreCommandProcessor.executeCommand(CoreCommandProcessor.java:137)
	at com.intellij.openapi.command.impl.CoreCommandProcessor.executeCommand(CoreCommandProcessor.java:95)
	at com.intellij.openapi.command.impl.CoreCommandProcessor.executeCommand(CoreCommandProcessor.java:85)
	at com.intellij.openapi.command.impl.CoreCommandProcessor.executeCommand(CoreCommandProcessor.java:71)
	at com.intellij.openapi.application.impl.ApplicationImpl.disposeSelf(ApplicationImpl.java:230)
	at com.intellij.openapi.application.impl.ApplicationImpl.doExit(ApplicationImpl.java:772)
	at com.intellij.openapi.application.impl.ApplicationImpl.exit(ApplicationImpl.java:748)
	at com.intellij.openapi.application.impl.ApplicationImpl.exit(ApplicationImpl.java:737)
	at com.intellij.openapi.application.impl.ApplicationImpl.exit(ApplicationImpl.java:714)
	at com.intellij.openapi.application.impl.ApplicationImpl.exit(ApplicationImpl.java:709)
	at com.intellij.openapi.wm.impl.IdeFrameImpl$3.windowClosing(IdeFrameImpl.java:273)
	at java.awt.AWTEventMulticaster.windowClosing(AWTEventMulticaster.java:349)
	at java.awt.Window.processWindowEvent(Window.java:2054)
	at javax.swing.JFrame.processWindowEvent(JFrame.java:305)
	at java.awt.Window.processEvent(Window.java:2013)
	at java.awt.Component.dispatchEventImpl(Component.java:4903)
	at java.awt.Container.dispatchEventImpl(Container.java:2295)
	at java.awt.Window.dispatchEventImpl(Window.java:2746)
	at java.awt.Component.dispatchEvent(Component.java:4725)
	at java.awt.EventQueue.dispatchEventImpl(EventQueue.java:764)
	at java.awt.EventQueue.access$500(EventQueue.java:98)
	at java.awt.EventQueue$3.run(EventQueue.java:715)
	at java.awt.EventQueue$3.run(EventQueue.java:709)
	at java.security.AccessController.doPrivileged(Native Method)
	at java.security.ProtectionDomain$JavaSecurityAccessImpl.doIntersectionPrivilege(ProtectionDomain.java:80)
	at java.security.ProtectionDomain$JavaSecurityAccessImpl.doIntersectionPrivilege(ProtectionDomain.java:90)
	at java.awt.EventQueue$4.run(EventQueue.java:737)
	at java.awt.EventQueue$4.run(EventQueue.java:735)
	at java.security.AccessController.doPrivileged(Native Method)
	at java.security.ProtectionDomain$JavaSecurityAccessImpl.doIntersectionPrivilege(ProtectionDomain.java:80)
	at java.awt.EventQueue.dispatchEvent(EventQueue.java:734)
	at com.intellij.ide.IdeEventQueue.defaultDispatchEvent(IdeEventQueue.java:822)
	at com.intellij.ide.IdeEventQueue._dispatchEvent(IdeEventQueue.java:763)
	at com.intellij.ide.IdeEventQueue.dispatchEvent(IdeEventQueue.java:423)
	at java.awt.EventDispatchThread.pumpOneEventForFilters(EventDispatchThread.java:201)
	at java.awt.EventDispatchThread.pumpEventsForFilter(EventDispatchThread.java:116)
	at java.awt.EventDispatchThread.pumpEventsForHierarchy(EventDispatchThread.java:105)
	at java.awt.EventDispatchThread.pumpEvents(EventDispatchThread.java:101)
	at java.awt.EventDispatchThread.pumpEvents(EventDispatchThread.java:93)
	at java.awt.EventDispatchThread.run(EventDispatchThread.java:82)
Caused by: java.io.FileNotFoundException: C:\Users\Administrator\StudioProjects\Find-my-Freaking-Prop (The system cannot find the file specified)
	at java.io.FileInputStream.open0(Native Method)
	at java.io.FileInputStream.open(FileInputStream.java:195)
	at java.io.FileInputStream.<init>(FileInputStream.java:138)
	at com.intellij.openapi.util.JDOMUtil.loadDocument(JDOMUtil.java:282)
	at com.intellij.ide.impl.convert.JDomConvertingUtil.loadDocument(JDomConvertingUtil.java:47)
	... 66 more
2018-11-11 15:18:07,897 [e-1136-b06]   INFO - stubs.SerializationManagerImpl - START StubSerializationManager SHUTDOWN 
2018-11-11 15:18:07,897 [e-1136-b06]   INFO - stubs.SerializationManagerImpl - END StubSerializationManager SHUTDOWN 
2018-11-11 15:18:07,897 [e-1136-b06]   INFO - il.indexing.FileBasedIndexImpl - START INDEX SHUTDOWN 
2018-11-11 15:18:07,913 [e-1136-b06]   INFO - il.indexing.FileBasedIndexImpl - END INDEX SHUTDOWN 
2018-11-11 15:18:07,913 [e-1136-b06]   INFO - org.jetbrains.io.BuiltInServer - web server stopped 
2018-11-11 15:18:07,929 [e-1136-b06]   INFO - Types.impl.FileTypeManagerImpl - FileTypeManager: 0 auto-detected files
Elapsed time on auto-detect: 0 ms 
2018-11-11 15:18:07,944 [fier64.exe]   INFO - pl.local.NativeFileWatcherImpl - Watcher terminated with exit code 0 
2018-11-11 15:18:07,944 [e-1136-b06]   INFO - newvfs.persistent.PersistentFS - VFS dispose started 
2018-11-11 15:18:07,960 [e-1136-b06]   INFO - newvfs.persistent.PersistentFS - VFS dispose completed 
2018-11-11 15:18:07,960 [wn tracker]   INFO -        #com.intellij.idea.Main - ------------------------------------------------------ IDE SHUTDOWN ------------------------------------------------------ 
2018-11-11 15:18:07,976 [wn tracker]   INFO - org.jetbrains.io.BuiltInServer - web server stopped 
2018-11-11 15:18:35,155 [ain Thread]   INFO -        #com.intellij.idea.Main - ------------------------------------------------------ IDE STARTED ------------------------------------------------------ 
2018-11-11 15:18:35,266 [e-1136-b06]   INFO -        #com.intellij.idea.Main - IDE: Android Studio (build #AI-181.5540.7.32.5056338, 08 Oct 2018 21:35) 
2018-11-11 15:18:35,266 [e-1136-b06]   INFO -        #com.intellij.idea.Main - OS: Windows 10 (10.0, amd64) 
2018-11-11 15:18:35,266 [e-1136-b06]   INFO -        #com.intellij.idea.Main - JRE: 1.8.0_152-release-1136-b06 (JetBrains s.r.o) 
2018-11-11 15:18:35,266 [e-1136-b06]   INFO -        #com.intellij.idea.Main - JVM: 25.152-b06 (OpenJDK 64-Bit Server VM) 
2018-11-11 15:18:35,266 [e-1136-b06]   INFO -        #com.intellij.idea.Main - JVM Args: -Xms256m -Xmx1280m -XX:ReservedCodeCacheSize=240m -XX:+UseConcMarkSweepGC -XX:SoftRefLRUPolicyMSPerMB=50 -Dsun.io.useCanonCaches=false -Djava.net.preferIPv4Stack=true -Djna.nosys=true -Djna.boot.library.path= -da -Djb.vmOptionsFile=C:\Program Files\Android\Android Studio\bin\studio64.exe.vmoptions -Xbootclasspath/a:C:\Program Files\Android\Android Studio\lib\boot.jar -Didea.platform.prefix=AndroidStudio -Didea.jre.check=true -Dide.native.launcher=true -Didea.paths.selector=AndroidStudio3.2 -XX:ErrorFile=C:\Users\Administrator\java_error_in_studio_%p.log -XX:HeapDumpPath=C:\Users\Administrator\java_error_in_studio.hprof 
2018-11-11 15:18:35,266 [e-1136-b06]   INFO -        #com.intellij.idea.Main - ext: C:\Program Files\Android\Android Studio\jre\jre\lib\ext: [access-bridge-64.jar, cldrdata.jar, dnsns.jar, jaccess.jar, localedata.jar, meta-index, nashorn.jar, sunec.jar, sunjce_provider.jar, sunmscapi.jar, sunpkcs11.jar, zipfs.jar] 
2018-11-11 15:18:35,266 [e-1136-b06]   INFO -        #com.intellij.idea.Main - JNU charset: Cp1252 
2018-11-11 15:18:35,329 [e-1136-b06]   INFO -        #com.intellij.idea.Main - JNA library (64-bit) loaded in 63 ms 
2018-11-11 15:18:35,329 [e-1136-b06]   INFO - penapi.util.io.win32.IdeaWin32 - Native filesystem for Windows is operational 
2018-11-11 15:18:35,361 [e-1136-b06]   INFO -     #com.intellij.util.ui.JBUI - User scale factor: 1.0 
2018-11-11 15:18:35,361 [e-1136-b06]   INFO -     #com.intellij.util.ui.JBUI - System scale factor: 1.0 (JRE-managed HiDPI) 
2018-11-11 15:18:35,550 [entQueue-0]   INFO - .intellij.idea.IdeaApplication - CPU cores: 4; ForkJoinPool.commonPool: java.util.concurrent.ForkJoinPool@7b1823fc[Running, parallelism = 3, size = 0, active = 0, running = 0, steals = 0, tasks = 0, submissions = 0]; factory: com.intellij.concurrency.IdeaForkJoinWorkerThreadFactory@494a9518 
2018-11-11 15:18:36,308 [entQueue-0]   INFO - llij.ide.plugins.PluginManager - Cannot find optional descriptor duplicates-groovy.xml 
2018-11-11 15:18:37,019 [entQueue-0]   INFO - llij.ide.plugins.PluginManager - 38 plugins initialized in 1263 ms 
2018-11-11 15:18:37,035 [entQueue-0]   INFO - llij.ide.plugins.PluginManager - Loaded bundled plugins: Android APK Support (1.0), Android Games (1.0), Android NDK Support (1.0), Android Support (10.3.2.1), App Links Assistant (0.1), CVS Integration (11), Copyright (8.1), Coverage (181.5540.7.32.5056338), EditorConfig (181.5540.7.32.5056338), Firebase App Indexing (0.1), Firebase Services (0.1), Firebase Testing (1.0), Git Integration (8.1), GitHub (181.5540.7.32.5056338), Google Cloud Tools Core (0.2.8), Google Cloud Tools For Android Studio (0.2.8), Google Developers Samples (0.3.1), Google Login (1.0), Google Services (0.1), Gradle (181.5540.7.32.5056338), Groovy (9.0), I18n for Java (181.5540.7.32.5056338), IDEA CORE (181.5540.7.32.5056338), IntelliLang (8.0), JUnit (1.0), Java Bytecode Decompiler (181.5540.7.32.5056338), Java Stream Debugger (181.5540.7.32.5056338), Kotlin (1.2.71-release-Studio3.2-1), Mercurial Integration (10.0), Properties Support (181.5540.7.32.5056338), Settings Repository (181.5540.7.32.5056338), Smali Support (1.0), Subversion Integration (1.1), Task Management (1.0), Terminal (0.1), Test Recorder (1.0), TestNG-J (8.0), YAML (181.5540.7.32.5056338) 
2018-11-11 15:18:39,277 [entQueue-0]   INFO - ellij.util.io.PagedFileStorage - lower=100; upper=500; buffer=10; max=1226 
2018-11-11 15:18:39,325 [entQueue-0]   INFO - pl.local.NativeFileWatcherImpl - Starting file watcher: C:\Program Files\Android\Android Studio\bin\fsnotifier64.exe 
2018-11-11 15:18:39,340 [entQueue-0]   INFO - pl.local.NativeFileWatcherImpl - Native file watcher is operational. 
2018-11-11 15:18:39,941 [e-1136-b06]   INFO - com.intellij.ide.ui.UISettings - Loaded: fontSize=12, fontScale=0.0; restored: fontSize=12, fontScale=1.0 
2018-11-11 15:18:40,115 [e-1136-b06]   WARN - nSystem.impl.ActionManagerImpl - keymap "Xcode" not found [Plugin: Git4Idea] 
2018-11-11 15:18:40,147 [e-1136-b06]   WARN - nSystem.impl.ActionManagerImpl - keymap "Xcode" not found [Plugin: hg4idea] 
2018-11-11 15:18:40,178 [e-1136-b06]   WARN - nSystem.impl.ActionManagerImpl - keymap "Xcode" not found [Plugin: com.android.tools.ndk] 
2018-11-11 15:18:40,178 [e-1136-b06]   WARN - nSystem.impl.ActionManagerImpl - keymap "Xcode" not found [Plugin: com.android.tools.ndk] 
2018-11-11 15:18:40,178 [e-1136-b06]   WARN - nSystem.impl.ActionManagerImpl - keymap "Xcode" not found [Plugin: com.android.tools.ndk] 
2018-11-11 15:18:40,429 [d thread 1]   INFO - .openapi.application.Preloader - Finished preloading com.intellij.ide.ui.OptionsTopHitProvider$Activity@4882290a 
2018-11-11 15:18:40,563 [e-1136-b06]   INFO - til.net.ssl.CertificateManager - Default SSL context initialized 
2018-11-11 15:18:40,639 [d thread 3]   INFO - rains.ide.BuiltInServerManager - built-in server started, port 63342 
2018-11-11 15:18:40,654 [e-1136-b06]   INFO - gs.impl.UpdateCheckerComponent - channel: release 
2018-11-11 15:18:40,999 [e-1136-b06]   INFO - il.indexing.FileBasedIndexImpl - Index exts enumerated:279, number of extensions:35 
2018-11-11 15:18:41,012 [e-1136-b06]   INFO - il.indexing.FileBasedIndexImpl - Index scheduled:8 
2018-11-11 15:18:41,049 [e-1136-b06]   INFO - tellij.psi.stubs.StubIndexImpl - All stub exts enumerated:29, number of extensions:50 
2018-11-11 15:18:41,050 [e-1136-b06]   INFO - tellij.psi.stubs.StubIndexImpl - stub exts update scheduled:1 
2018-11-11 15:18:41,586 [e-1136-b06]   INFO - ellij.project.impl.ProjectImpl - 21 project components initialized in 372 ms 
2018-11-11 15:18:42,165 [e-1136-b06]   INFO - com.intellij.ide.ui.UISettings - Loaded: fontSize=12, fontScale=1.0; restored: fontSize=12, fontScale=1.0 
2018-11-11 15:18:43,563 [d thread 3]   INFO - pl$FileIndexDataInitialization - Initialization done:2511 
2018-11-11 15:18:43,783 [d thread 3]   INFO - exImpl$StubIndexInitialization - Initialization done:217 
2018-11-11 15:18:44,141 [e-1136-b06]   INFO - plication.impl.ApplicationImpl - 88 application components initialized in 8385ms 
2018-11-11 15:18:44,173 [e-1136-b06]   INFO - .intellij.idea.IdeaApplication - App initialization took 9566 ms 
2018-11-11 15:18:45,330 [d thread 3]   INFO - dea.updater.SdkComponentSource - Downloading https://dl.google.com/android/repository/addons_list-3.xml 
2018-11-11 15:18:45,393 [e-1136-b06]   INFO - j.ide.ui.OptionsTopHitProvider - 718 ms spent to cache options in application 
2018-11-11 15:18:45,425 [e-1136-b06]   INFO - rd.FirstRunWizardFrameProvider - Overriding welcome frame to be resizable 
2018-11-11 15:18:45,520 [d thread 3]   INFO - dea.updater.SdkComponentSource - Downloading https://dl.google.com/android/repository/sys-img/android/sys-img2-1.xml 
2018-11-11 15:18:46,167 [d thread 3]   INFO - dea.updater.SdkComponentSource - Downloading https://dl.google.com/android/repository/sys-img/android-wear/sys-img2-1.xml 
2018-11-11 15:18:46,214 [d thread 1]   INFO - .openapi.application.Preloader - Finished preloading com.intellij.openapi.actionSystem.impl.ActionPreloader@46170ee5 
2018-11-11 15:18:46,420 [d thread 3]   INFO - dea.updater.SdkComponentSource - Downloading https://dl.google.com/android/repository/sys-img/android-wear-cn/sys-img2-1.xml 
2018-11-11 15:18:46,688 [d thread 3]   INFO - dea.updater.SdkComponentSource - Downloading https://dl.google.com/android/repository/sys-img/android-tv/sys-img2-1.xml 
2018-11-11 15:18:46,988 [d thread 3]   INFO - dea.updater.SdkComponentSource - Downloading https://dl.google.com/android/repository/sys-img/google_apis/sys-img2-1.xml 
2018-11-11 15:18:47,272 [d thread 3]   INFO - dea.updater.SdkComponentSource - Downloading https://dl.google.com/android/repository/sys-img/google_apis_playstore/sys-img2-1.xml 
2018-11-11 15:18:47,557 [d thread 3]   INFO - dea.updater.SdkComponentSource - Downloading https://dl.google.com/android/repository/addon2-1.xml 
2018-11-11 15:18:48,031 [d thread 3]   INFO - dea.updater.SdkComponentSource - Downloading https://dl.google.com/android/repository/glass/addon2-1.xml 
2018-11-11 15:18:48,267 [d thread 3]   INFO - dea.updater.SdkComponentSource - Downloading https://dl.google.com/android/repository/extras/intel/addon2-1.xml 
2018-11-11 15:18:48,504 [d thread 3]   INFO - dea.updater.SdkComponentSource - Downloading https://dl.google.com/android/repository/repository2-1.xml 
2018-11-11 15:18:48,599 [d thread 1]   INFO - .openapi.application.Preloader - Finished preloading com.intellij.ide.ui.search.SearchableOptionPreloader@27fe23e7 
2018-11-11 15:18:48,994 [d thread 3]   INFO - dea.updater.SdkComponentSource - Downloading file:/C:/Program%20Files/Android/Android%20Studio/plugins/sdk-updates/offline-repo/offline-repo.xml 
2018-11-11 15:18:49,183 [d thread 3]   INFO - dea.updater.SdkComponentSource - File C:\Users\Administrator\.android\repositories.cfg could not be loaded. 
2018-11-11 15:18:49,247 [d thread 1]   INFO - .openapi.application.Preloader - Finished preloading com.intellij.codeInsight.completion.CompletionPreloader@32936e56 
2018-11-11 15:18:49,262 [d thread 1]   INFO - .openapi.application.Preloader - Finished preloading com.intellij.ide.actions.GotoClassPresentationUpdater@1baa64ba 
2018-11-11 15:19:07,127 [d thread 1]   WARN - ess.util.ProgressIndicatorBase - This progress indicator is indeterminate, this may lead to visual inconsistency. Please call setIndeterminate(false) before you start progress. 
2018-11-11 15:19:56,399 [d thread 3]   INFO - ectedPackagesStep$CustomLogger - Packages to install:  
2018-11-11 15:19:56,399 [d thread 3]   INFO - ectedPackagesStep$CustomLogger - - Solver for ConstraintLayout 1.0.2 (extras;m2repository;com;android;support;constraint;constraint-layout-solver;1.0.2) 
2018-11-11 15:19:56,399 [d thread 3]   INFO - ectedPackagesStep$CustomLogger - - ConstraintLayout for Android 1.0.2 (extras;m2repository;com;android;support;constraint;constraint-layout;1.0.2) 
2018-11-11 15:19:56,399 [d thread 3]   INFO - ectedPackagesStep$CustomLogger - 
 
2018-11-11 15:19:56,399 [d thread 3]   INFO - ectedPackagesStep$CustomLogger - Preparing "Install Solver for ConstraintLayout 1.0.2 (revision: 1)". 
2018-11-11 15:19:56,431 [d thread 3]   INFO - ectedPackagesStep$CustomLogger - Downloading file:/C:/Program%20Files/Android/Android%20Studio/plugins/sdk-updates/offline-repo/com.android.support.constraint-constraint-layout-solver-1.0.2.zip 
2018-11-11 15:19:56,510 [d thread 3]   INFO - ectedPackagesStep$CustomLogger - "Install Solver for ConstraintLayout 1.0.2 (revision: 1)" ready. 
2018-11-11 15:19:56,510 [d thread 3]   INFO - ectedPackagesStep$CustomLogger - Preparing "Install ConstraintLayout for Android 1.0.2 (revision: 1)". 
2018-11-11 15:19:56,525 [d thread 3]   INFO - ectedPackagesStep$CustomLogger - Downloading file:/C:/Program%20Files/Android/Android%20Studio/plugins/sdk-updates/offline-repo/com.android.support.constraint-constraint-layout-1.0.2.zip 
2018-11-11 15:19:56,573 [d thread 3]   INFO - ectedPackagesStep$CustomLogger - "Install ConstraintLayout for Android 1.0.2 (revision: 1)" ready. 
2018-11-11 15:19:56,573 [d thread 3]   INFO - ectedPackagesStep$CustomLogger - Installing Solver for ConstraintLayout 1.0.2 in C:\Users\Administrator\AppData\Local\Android\Sdk\extras\m2repository\com\android\support\constraint\constraint-layout-solver\1.0.2 
2018-11-11 15:19:56,604 [d thread 3]   INFO - ectedPackagesStep$CustomLogger - "Install Solver for ConstraintLayout 1.0.2 (revision: 1)" complete. 
2018-11-11 15:19:56,683 [d thread 3]   INFO - ectedPackagesStep$CustomLogger - Writing Maven metadata to C:\Users\Administrator\AppData\Local\Android\Sdk\extras\m2repository\com\android\support\constraint\constraint-layout-solver\maven-metadata.xml 
2018-11-11 15:19:56,731 [d thread 3]   INFO - ectedPackagesStep$CustomLogger - "Install Solver for ConstraintLayout 1.0.2 (revision: 1)" finished. 
2018-11-11 15:19:56,746 [d thread 3]   INFO - ectedPackagesStep$CustomLogger - Installing ConstraintLayout for Android 1.0.2 in C:\Users\Administrator\AppData\Local\Android\Sdk\extras\m2repository\com\android\support\constraint\constraint-layout\1.0.2 
2018-11-11 15:19:56,762 [d thread 3]   INFO - ectedPackagesStep$CustomLogger - "Install ConstraintLayout for Android 1.0.2 (revision: 1)" complete. 
2018-11-11 15:19:56,794 [d thread 3]   INFO - ectedPackagesStep$CustomLogger - Writing Maven metadata to C:\Users\Administrator\AppData\Local\Android\Sdk\extras\m2repository\com\android\support\constraint\constraint-layout\maven-metadata.xml 
2018-11-11 15:19:56,841 [d thread 3]   INFO - ectedPackagesStep$CustomLogger - "Install ConstraintLayout for Android 1.0.2 (revision: 1)" finished. 
2018-11-11 15:20:00,552 [e-1136-b06]   INFO - ellij.project.impl.ProjectImpl - 157 project components initialized in 979 ms 
2018-11-11 15:20:00,552 [e-1136-b06]   INFO - le.impl.ModuleManagerComponent - 0 module(s) loaded in 0 ms 
2018-11-11 15:20:00,679 [e-1136-b06]   INFO - idea.project.IndexingSuspender - Subscribing project 'Project 'C:\Users\Administrator\StudioProjects\Find_My_Freaking_Prop' Find_My_Freaking_Prop' to indexing suspender events (com.android.tools.idea.project.IndexingSuspender@611e5d7b) 
2018-11-11 15:20:00,679 [e-1136-b06]   INFO - idea.project.IndexingSuspender - Consuming IndexingSuspender activation event: TEMPLATE_RENDERING_STARTED 
2018-11-11 15:20:00,679 [e-1136-b06]   INFO - idea.project.IndexingSuspender - Starting batch update for project: Project 'C:\Users\Administrator\StudioProjects\Find_My_Freaking_Prop' Find_My_Freaking_Prop 
2018-11-11 15:20:01,768 [e-1136-b06]   INFO - rojectCodeStyleSettingsManager - Initialized from default code style settings. 
2018-11-11 15:20:01,784 [cessToken]]   WARN - BasedStripTrailingSpacesFilter - No current project is given, trailing spaces will be stripped later (postponed). File: C:/Users/Administrator/StudioProjects/Find_My_Freaking_Prop/build.gradle 
2018-11-11 15:20:01,847 [cessToken]]   WARN - BasedStripTrailingSpacesFilter - No current project is given, trailing spaces will be stripped later (postponed). File: C:/Users/Administrator/StudioProjects/Find_My_Freaking_Prop/gradle.properties 
2018-11-11 15:20:01,926 [cessToken]]   WARN - BasedStripTrailingSpacesFilter - No current project is given, trailing spaces will be stripped later (postponed). File: C:/Users/Administrator/StudioProjects/Find_My_Freaking_Prop/local.properties 
2018-11-11 15:20:02,021 [cessToken]]   WARN - BasedStripTrailingSpacesFilter - No current project is given, trailing spaces will be stripped later (postponed). File: C:/Users/Administrator/StudioProjects/Find_My_Freaking_Prop/settings.gradle 
2018-11-11 15:20:02,053 [cessToken]]   WARN - BasedStripTrailingSpacesFilter - No current project is given, trailing spaces will be stripped later (postponed). File: C:/Users/Administrator/StudioProjects/Find_My_Freaking_Prop/app/build.gradle 
2018-11-11 15:20:03,128 [cessToken]]   WARN - BasedStripTrailingSpacesFilter - No current project is given, trailing spaces will be stripped later (postponed). File: C:/Users/Administrator/StudioProjects/Find_My_Freaking_Prop/app/build.gradle 
2018-11-11 15:20:03,617 [cessToken]]   WARN - BasedStripTrailingSpacesFilter - No current project is given, trailing spaces will be stripped later (postponed). File: C:/Users/Administrator/StudioProjects/Find_My_Freaking_Prop/app/build.gradle 
2018-11-11 15:20:03,633 [e-1136-b06]   INFO - idea.project.IndexingSuspender - Consuming IndexingSuspender deactivation event: TEMPLATE_RENDERING_FINISHED 
2018-11-11 15:20:03,633 [e-1136-b06]   INFO - idea.project.IndexingSuspender - Finishing batch update for project: Project 'C:\Users\Administrator\StudioProjects\Find_My_Freaking_Prop' Find_My_Freaking_Prop 
2018-11-11 15:20:03,680 [e-1136-b06]   INFO - util.EmbeddedDistributionPaths - Looking for embedded Gradle distribution at 'C:\Program Files\Android\Android Studio\gradle\gradle-4.6' 
2018-11-11 15:20:03,680 [e-1136-b06]   INFO - util.EmbeddedDistributionPaths - Found embedded Gradle 4.6 
2018-11-11 15:20:04,675 [d thread 4]   INFO - j.ide.script.IdeStartupScripts - 0 startup script(s) found 
2018-11-11 15:20:05,891 [d thread 8]   INFO - ge.ExternalProjectsDataStorage - Loaded external projects data in 15 millis 
2018-11-11 15:20:05,970 [d thread 7]   INFO - .diagnostic.PerformanceWatcher - Pushing properties took 63ms; general responsiveness: ok; EDT responsiveness: ok 
2018-11-11 15:20:06,034 [d thread 8]   INFO - .diagnostic.PerformanceWatcher - Post-startup activities under progress took 269ms; general responsiveness: ok; EDT responsiveness: ok 
2018-11-11 15:20:06,665 [e-1136-b06]   INFO - idea.project.IndexingSuspender - Consuming IndexingSuspender activation event: SYNC_TASK_CREATED 
2018-11-11 15:20:06,760 [e-1136-b06]   INFO - tartup.impl.StartupManagerImpl - C:/Users/Administrator/StudioProjects/Find_My_Freaking_Prop/.idea case-sensitivity: expected=false actual=false 
2018-11-11 15:20:06,792 [d thread 3]   INFO - pl.projectlevelman.NewMappings - VCS Root: [] - [<Project>] 
2018-11-11 15:20:06,997 [e-1136-b06]   INFO - e.project.sync.GradleSyncState - Started sync with Gradle for project 'Find_My_Freaking_Prop'. 
2018-11-11 15:20:07,013 [e-1136-b06]   INFO - idea.project.IndexingSuspender - Consuming IndexingSuspender activation event: SYNC_STARTED 
2018-11-11 15:20:07,013 [e-1136-b06]   INFO - idea.project.IndexingSuspender - Starting batch update for project: Project 'C:\Users\Administrator\StudioProjects\Find_My_Freaking_Prop' Find_My_Freaking_Prop 
2018-11-11 15:20:07,139 [e-1136-b06]   INFO - tor.impl.FileEditorManagerImpl - Project opening took 7917 ms 
2018-11-11 15:20:07,423 [d thread 6]   INFO - s.plugins.gradle.GradleManager - Instructing gradle to use java from C:/Program Files/Android/Android Studio/jre 
2018-11-11 15:20:07,439 [d thread 6]   INFO - s.plugins.gradle.GradleManager - Instructing gradle to use java from C:/Program Files/Android/Android Studio/jre 
2018-11-11 15:20:52,258 [d thread 6]   INFO - xecution.GradleExecutionHelper - Passing command-line args to Gradle Tooling API: -Didea.version=3.2 -Djava.awt.headless=true -Pandroid.injected.build.model.only=true -Pandroid.injected.build.model.only.advanced=true -Pandroid.injected.invoked.from.ide=true -Pandroid.injected.build.model.only.versioned=3 -Pandroid.injected.studio.version=3.2.1.0 -Pandroid.builder.sdkDownload=false --init-script C:\Users\Administrator\AppData\Local\Temp\ijinit.gradle 
2018-11-11 15:20:57,493 [e-1136-b06]   INFO -  #git4idea.commands.GitHandler - [.] git version 
2018-11-11 15:20:58,024 [unnerw.exe]   INFO -  #git4idea.commands.GitHandler - git version 2.19.1.windows.1 
2018-11-11 15:20:58,040 [e-1136-b06]   INFO - ea.config.GitExecutableManager - Git version for C:\Program Files\Git\cmd\git.exe : 2.19.1 
2018-11-11 15:20:58,196 [e-1136-b06]   INFO - pl.projectlevelman.NewMappings - VCS Root: [Git] - [C:/Users/Administrator] 
2018-11-11 15:21:14,398 [ thread 13]   INFO -  #git4idea.commands.GitHandler - git ls-files took 15655 ms. Command parameters: 
"C:\Program Files\Android\Android Studio\bin\runnerw.exe" "C:\Program Files\Git\cmd\git.exe" -c core.quotepath=false -c log.showSignature=false ls-files --exclude-standard --others -z -- 
